<?xml version="1.0" encoding="UTF-8"?>
<testng-results ignored="0" total="1" passed="1" failed="0" skipped="0">
  <reporter-output>
  </reporter-output>
  <suite started-at="2022-08-21T09:47:10 SGT" name="Default suite" finished-at="2022-08-21T09:47:22 SGT" duration-ms="12076">
    <groups>
    </groups>
    <test started-at="2022-08-21T09:47:10 SGT" name="Default test" finished-at="2022-08-21T09:47:22 SGT" duration-ms="12076">
      <class name="com.app.automateweb.UITestExamples">
        <test-method signature="clickSubmitButtonWithValues()[pri:0, instance:com.app.automateweb.UITestExamples@49c7b90e]" started-at="2022-08-21T09:47:10 SGT" name="clickSubmitButtonWithValues" finished-at="2022-08-21T09:47:22 SGT" duration-ms="12016" status="PASS">
          <reporter-output>
          </reporter-output>
        </test-method> <!-- clickSubmitButtonWithValues -->
      </class> <!-- com.app.automateweb.UITestExamples -->
    </test> <!-- Default test -->
  </suite> <!-- Default suite -->
</testng-results>
